2024-07-10 11:30:48,029 [ERROR] Error during registration: tuple index out of range
2024-07-10 11:31:24,146 [ERROR] Error during registration: tuple index out of range
2024-07-11 11:04:50,873 [ERROR] Error during registration: tuple index out of range
2024-07-11 11:05:14,797 [ERROR] Error during registration: tuple index out of range
2024-07-11 11:05:16,304 [ERROR] Error during registration: tuple index out of range
2024-07-11 11:06:05,204 [ERROR] Error during registration: tuple index out of range
2024-07-11 11:06:25,209 [ERROR] Error during registration: tuple index out of range
2024-07-11 11:06:33,159 [ERROR] Error during registration: tuple index out of range
2024-07-11 11:58:49,938 [ERROR] Error during registration: tuple index out of range
2024-07-11 12:12:02,963 [ERROR] Error during registration: tuple index out of range
2024-07-11 15:55:24,657 [ERROR] Error during registration: server closed the connection unexpectedly
	This probably means the server terminated abnormally
	before or while processing the request.
server closed the connection unexpectedly
	This probably means the server terminated abnormally
	before or while processing the request.

2024-07-15 08:53:27,121 [ERROR] Error during registration: 'UserCredentials' object has no attribute 'email'
2024-07-15 08:53:41,491 [ERROR] Error during registration: 'UserCredentials' object has no attribute 'email'
2024-07-15 08:53:42,875 [ERROR] Error during registration: 'UserCredentials' object has no attribute 'email'
2024-07-15 08:57:36,093 [ERROR] Error during registration: 'UserCredentials' object has no attribute 'email'
2024-07-15 08:57:37,590 [ERROR] Error during registration: 'UserCredentials' object has no attribute 'email'
2024-07-15 09:52:06,068 [ERROR] Error during registration: connection already closed
2024-07-15 09:52:19,832 [ERROR] Error during registration: connection already closed
2024-07-15 09:52:21,028 [ERROR] Error during registration: connection already closed
2024-07-15 09:52:23,127 [ERROR] Error during registration: connection already closed
2024-07-15 09:52:24,012 [ERROR] Error during registration: connection already closed
2024-07-15 09:52:24,709 [ERROR] Error during registration: connection already closed
